<?xml version="1.0" encoding="utf-8" standalone="no"?>
<!--This file represents the results of running a test suite-->
<test-results name="C:\Users\User\Documents\Visual Studio 2013\Projects\Asignment8 Tests\Asignment8 Tests\bin\Debug\Asignment8 Tests.dll" total="8" errors="0" failures="0" not-run="0" inconclusive="0" ignored="0" skipped="0" invalid="0" date="2016-04-08" time="22:01:25">
  <environment nunit-version="2.6.4.14350" clr-version="2.0.50727.8670" os-version="Microsoft Windows NT 6.2.9200.0" platform="Win32NT" cwd="C:\Program Files (x86)\NUnit 2.6.4\bin" machine-name="THERESA" user="User" user-domain="THERESA" />
  <culture-info current-culture="en-IE" current-uiculture="en-GB" />
  <test-suite type="Assembly" name="C:\Users\User\Documents\Visual Studio 2013\Projects\Asignment8 Tests\Asignment8 Tests\bin\Debug\Asignment8 Tests.dll" executed="True" result="Success" success="True" time="0.080" asserts="0">
    <results>
      <test-suite type="Namespace" name="Assignment8_Tests" executed="True" result="Success" success="True" time="0.079" asserts="0">
        <results>
          <test-suite type="TestFixture" name="Tests" executed="True" result="Success" success="True" time="0.077" asserts="0">
            <results>
              <test-case name="Assignment8_Tests.Tests.ExpectListEmptyException" executed="True" result="Success" success="True" time="0.002" asserts="0" />
              <test-case name="Assignment8_Tests.Tests.ExpectPlayerExistsException" executed="True" result="Success" success="True" time="0.008" asserts="0" />
              <test-case name="Assignment8_Tests.Tests.testAvgDistance" executed="True" result="Success" success="True" time="0.002" asserts="1" />
              <test-case name="Assignment8_Tests.Tests.testAvgSpeed" executed="True" result="Success" success="True" time="0.001" asserts="1" />
              <test-case name="Assignment8_Tests.Tests.testMaxDist" executed="True" result="Success" success="True" time="0.001" asserts="1" />
              <test-case name="Assignment8_Tests.Tests.testMaxSpeed" executed="True" result="Success" success="True" time="0.001" asserts="1" />
              <test-case name="Assignment8_Tests.Tests.testMinDist" executed="True" result="Success" success="True" time="0.001" asserts="1" />
              <test-case name="Assignment8_Tests.Tests.testMinSpeed" executed="True" result="Success" success="True" time="0.001" asserts="1" />
            </results>
          </test-suite>
        </results>
      </test-suite>
    </results>
  </test-suite>
</test-results>